<?xml version="1.0" encoding="UTF-8"?>
<!-- Generated by org.testng.reporters.JUnitReportReporter -->
<testsuite skipped="0" hostname="LAPTOP-JBBUA0B0" name="runner.TestRunner" tests="1" failures="0" timestamp="10 May 2020 01:04:53 GMT" time="29.277" errors="0">
  <testcase name="feature" time="29.277" classname="runner.TestRunner"/>
</testsuite> <!-- runner.TestRunner -->
